[2018-10-27T16:24:06.439] [DEBUG] default - 123123
[2018-10-27T16:24:06.440] [INFO] default - [32mangel GET[39m  / -  [32m1ms[39m
[2018-10-27T16:24:07.087] [DEBUG] default - 123123
[2018-10-27T16:24:07.103] [INFO] default - [32mangel GET[39m  /system/api/app/list?pageSize=10&pageNum=1 -  [32m16ms[39m
[2018-10-27T17:21:08.605] [INFO] default - [32mangel GET[39m  /system/api/server/log?type=1&time=2018-10-27-16-26 -  [32m4ms[39m
[2018-10-27T18:52:45.878] [INFO] default - [32mangel GET[39m  /system/api/server/log?type=1&time=2018-10-27-16-26 -  [32m3ms[39m
[2018-10-27T18:53:12.063] [INFO] default - [32mangel GET[39m  /system/api/server/log?type=1&time=2018-10-27-16-26 -  [32m3ms[39m
[2018-10-27T18:55:05.435] [INFO] default - [32mangel GET[39m  /system/api/server/log?type=1&time=2018-10-27-16-26 -  [32m3ms[39m
[2018-10-27T18:55:20.129] [INFO] default - [32mangel GET[39m  /system/api/server/log?type=1&time=2018-10-27-16-26 -  [32m3ms[39m
[2018-10-27T19:17:23.765] [INFO] default - [32mangel GET[39m  /system/api/server/log?type=1&time=2018-10-27-16-26 -  [32m3ms[39m
[2018-10-27T19:17:42.992] [INFO] default - [32mangel GET[39m  /system/api/server/log?type=1&time=2018-10-27-16-26 -  [32m3ms[39m
[2018-10-27T19:17:49.976] [INFO] default - [32mangel GET[39m  /system/api/server/log?type=1&time=2018-10-27-16-26 -  [32m3ms[39m
[2018-10-27T19:18:12.799] [INFO] default - [32mangel GET[39m  /system/api/server/log?type=1&time=2018-10-27-16-26 -  [32m4ms[39m
[2018-10-27T19:18:37.352] [INFO] default - [32mangel GET[39m  /system/api/server/log?type=1&time=2018-10-27-16-26 -  [32m4ms[39m
[2018-10-27T19:39:50.021] [INFO] default - [32mangel GET[39m  /system/api/server/log?type=1&time=2018-10-27-16-26 -  [32m6ms[39m
[2018-10-27T19:40:07.205] [INFO] default - [32mangel GET[39m  /system/api/server/log?type=1&time=2018-10-27-16-26 -  [32m4ms[39m
[2018-10-27T19:42:28.439] [INFO] default - [32mangel GET[39m  /system/api/server/log?type=1&time=2018-10-27-16-26 -  [32m5ms[39m
[2018-10-27T19:42:53.437] [INFO] default - [32mangel GET[39m  /system/api/server/log?type=1&time=2018-10-27-16-26 -  [32m4ms[39m
[2018-10-27T19:43:08.958] [INFO] default - [32mangel GET[39m  /system/api/server/log?type=1&time=2018-10-27-16-26 -  [32m4ms[39m
[2018-10-27T19:43:25.465] [INFO] default - [32mangel GET[39m  /system/api/server/log?type=1&time=2018-10-27-16-26 -  [32m1ms[39m
[2018-10-27T19:48:05.815] [INFO] default - [32mangel GET[39m  / -  [32m12ms[39m
[2018-10-27T19:48:06.717] [INFO] default - [32mangel GET[39m  /system/api/server/log?type=1&time=2018-10-27-16-26 -  [32m6ms[39m
[2018-10-27T19:49:12.963] [INFO] default - [32mangel GET[39m  / -  [32m23ms[39m
[2018-10-27T19:49:13.813] [INFO] default - [32mangel GET[39m  /system/api/server/log?type=1&time=2018-10-27-16-26 -  [32m3ms[39m
[2018-10-27T19:49:48.432] [INFO] default - [32mangel GET[39m  / -  [32m17ms[39m
[2018-10-27T19:49:49.332] [INFO] default - [32mangel GET[39m  /system/api/server/log?type=1&time=2018-10-27-16-26 -  [32m6ms[39m
[2018-10-27T19:50:12.206] [INFO] default - [32mangel GET[39m  / -  [32m16ms[39m
[2018-10-27T19:50:13.057] [INFO] default - [32mangel GET[39m  /system/api/server/log?type=1&time=2018-10-27-16-26 -  [32m5ms[39m
[2018-10-27T19:50:45.513] [INFO] default - [32mangel GET[39m  / -  [32m19ms[39m
[2018-10-27T19:50:46.441] [INFO] default - [32mangel GET[39m  /system/api/server/log?type=1&time=2018-10-27-16-26 -  [32m6ms[39m
[2018-10-27T19:51:05.025] [INFO] default - [32mangel GET[39m  / -  [32m1ms[39m
[2018-10-27T19:51:05.915] [INFO] default - [32mangel GET[39m  /system/api/server/log?type=1&time=2018-10-27-16-26 -  [32m1ms[39m
[2018-10-27T19:51:37.358] [INFO] default - [32mangel GET[39m  / -  [32m17ms[39m
[2018-10-27T19:51:38.305] [INFO] default - [32mangel GET[39m  /system/api/server/log?type=1&time=2018-10-27-16-26 -  [32m3ms[39m
[2018-10-27T19:52:13.501] [INFO] default - [32mangel GET[39m  / -  [32m18ms[39m
[2018-10-27T19:52:14.416] [INFO] default - [32mangel GET[39m  /system/api/server/log?type=1&time=2018-10-27-16-26 -  [32m3ms[39m
[2018-10-27T19:53:34.855] [INFO] default - [32mangel GET[39m  / -  [32m0ms[39m
[2018-10-27T19:53:35.763] [INFO] default - [32mangel GET[39m  /system/api/server/log?type=1&time=2018-10-27-16-26 -  [32m1ms[39m
[2018-10-27T19:53:45.922] [INFO] default - [32mangel GET[39m  / -  [32m1ms[39m
[2018-10-27T19:53:46.693] [INFO] default - [32mangel GET[39m  /system/api/server/log?type=1&time=2018-10-27-16-26 -  [32m2ms[39m
[2018-10-27T19:53:46.962] [INFO] default - [32mangel GET[39m  / -  [32m0ms[39m
[2018-10-27T19:53:47.833] [INFO] default - [32mangel GET[39m  /system/api/server/log?type=1&time=2018-10-27-16-26 -  [32m1ms[39m
[2018-10-27T19:53:47.865] [INFO] default - [32mangel GET[39m  / -  [32m0ms[39m
[2018-10-27T19:53:48.759] [INFO] default - [32mangel GET[39m  /system/api/server/log?type=1&time=2018-10-27-16-26 -  [32m1ms[39m
[2018-10-27T19:54:07.711] [INFO] default - [32mangel GET[39m  / -  [32m0ms[39m
[2018-10-27T19:54:08.601] [INFO] default - [32mangel GET[39m  /system/api/server/log?type=1&time=2018-10-27-16-26 -  [32m2ms[39m
[2018-10-27T19:54:19.395] [INFO] default - [32mangel GET[39m  / -  [32m0ms[39m
[2018-10-27T19:54:20.250] [INFO] default - [32mangel GET[39m  /system/api/server/log?type=1&time=2018-10-27-16-26 -  [32m1ms[39m
[2018-10-27T19:54:30.450] [INFO] default - [32mangel GET[39m  / -  [32m1ms[39m
[2018-10-27T19:54:31.352] [INFO] default - [32mangel GET[39m  /system/api/server/log?type=1&time=2018-10-27-16-26 -  [32m1ms[39m
[2018-10-27T19:56:49.496] [INFO] default - [32mangel GET[39m  / -  [32m0ms[39m
[2018-10-27T19:56:50.455] [INFO] default - [32mangel GET[39m  /system/api/server/log?type=1&time=2018-10-27-16-26 -  [32m2ms[39m
[2018-10-27T19:57:08.392] [INFO] default - [32mangel GET[39m  / -  [32m1ms[39m
[2018-10-27T19:57:09.212] [INFO] default - [32mangel GET[39m  /system/api/server/log?type=1&time=2018-10-27-16-26 -  [32m0ms[39m
[2018-10-27T19:58:04.705] [INFO] default - [32mangel GET[39m  / -  [32m14ms[39m
[2018-10-27T19:58:05.556] [INFO] default - [32mangel GET[39m  /system/api/server/log?type=1&time=2018-10-27-16-26 -  [32m3ms[39m
[2018-10-27T19:58:30.785] [INFO] default - [32mangel GET[39m  / -  [32m14ms[39m
[2018-10-27T19:58:31.633] [INFO] default - [32mangel GET[39m  /system/api/server/log?type=1&time=2018-10-27-16-26 -  [32m10ms[39m
[2018-10-27T20:00:08.118] [INFO] default - [32mangel GET[39m  / -  [32m2ms[39m
[2018-10-27T20:00:08.987] [INFO] default - [32mangel GET[39m  /system/api/server/log?type=1&time=2018-10-27-16-26 -  [32m1ms[39m
[2018-10-27T20:00:29.671] [INFO] default - [32mangel GET[39m  / -  [32m0ms[39m
[2018-10-27T20:00:30.525] [INFO] default - [32mangel GET[39m  /system/api/server/log?type=1&time=2018-10-27-16-26 -  [32m1ms[39m
[2018-10-28T02:29:07.534] [INFO] default - [32mangel GET[39m  / -  [32m28ms[39m
[2018-10-28T02:29:11.591] [INFO] default - [32mangel GET[39m  /system/api/app/list?pageSize=10&pageNum=1 -  [32m185ms[39m
[2018-10-28T02:29:19.098] [INFO] default - [32mangel GET[39m  /system/api/server/log?type=1&time=2018-10-27-16-26 -  [32m4ms[39m
[2018-10-28T02:33:00.412] [INFO] default - [32mangel GET[39m  /system/api/app/list?pageSize=10&pageNum=1 -  [32m80ms[39m
[2018-10-28T02:33:08.818] [INFO] default - [32mangel GET[39m  /system/api/server/info -  [32m2ms[39m
[2018-10-28T02:33:10.661] [INFO] default - [32mangel GET[39m  /system/api/server/log?type=1&time=2018-10-27-16-26 -  [32m1ms[39m
